\BOOKMARK [1][]{section.1}{Introduction}{}% 1
\BOOKMARK [1][]{section.2}{Results and Discussion}{}% 2
\BOOKMARK [1][]{section.3}{Methods}{}% 3
\BOOKMARK [2][]{subsection.3.1}{Implementation}{section.3}% 4
\BOOKMARK [2][]{subsection.3.2}{Outline of algorithms}{section.3}% 5
\BOOKMARK [1][]{section.4}{Appendix 1}{}% 6
\BOOKMARK [2][]{subsection.4.1}{How-to-do guide for using the MGVB pipeline}{section.4}% 7
\BOOKMARK [3][]{subsubsection.4.1.1}{Differential expression and protein interaction analysis}{subsection.4.1}% 8
\BOOKMARK [3][]{subsubsection.4.1.2}{Focused analysis of modifications}{subsection.4.1}% 9
\BOOKMARK [3][]{subsubsection.4.1.3}{Automated focused analysis}{subsection.4.1}% 10
\BOOKMARK [1][]{section.5}{This is an example for first level head\204section head}{}% 11
\BOOKMARK [2][]{subsection.5.1}{This is an example for second level head\204subsection head}{section.5}% 12
\BOOKMARK [3][]{subsubsection.5.1.1}{This is an example for third level head\204subsubsection head}{subsection.5.1}% 13
\BOOKMARK [1][]{section.6}{Equations}{}% 14
\BOOKMARK [1][]{section.7}{Tables}{}% 15
\BOOKMARK [1][]{section.8}{Figures}{}% 16
\BOOKMARK [1][]{section.9}{Algorithms, Program codes and Listings}{}% 17
\BOOKMARK [1][]{section.10}{Cross referencing}{}% 18
\BOOKMARK [2][]{subsection.10.1}{Details on reference citations}{section.10}% 19
\BOOKMARK [1][]{section.11}{Examples for theorem like environments}{}% 20
\BOOKMARK [1][]{section.12}{Methods}{}% 21
\BOOKMARK [1][]{section.13}{Discussion}{}% 22
\BOOKMARK [1][]{section.14}{Conclusion}{}% 23
\BOOKMARK [2][]{section*.2}{Supplementary information}{section.14}% 24
\BOOKMARK [3][]{section*.3}{Acknowledgments}{section*.2}% 25
\BOOKMARK [1][]{Appendix.a.A}{Section title of first appendix}{}% 26
